<?xml version="1.0" encoding="UTF-8"?>
<testsuite xmlns:xsi="http://www.w3.org/2001/XMLSchema-instance" xsi:noNamespaceSchemaLocation="https://maven.apache.org/surefire/maven-surefire-plugin/xsd/surefire-test-report-3.0.xsd" version="3.0" name="com.datasabai.services.schemaanalyzer.core.parser.CsvFileParserTest" time="0.114" tests="19" errors="0" skipped="0" failures="0">
  <properties>
[...]
</properties>
  <testcase name="testCanParse_BlankContent" classname="com.datasabai.services.schemaanalyzer.core.parser.CsvFileParserTest" time="0.003"/>
  <testcase name="testParse_TypeInference" classname="com.datasabai.services.schemaanalyzer.core.parser.CsvFileParserTest" time="0.012"/>
  <testcase name="testCanParse_NullContent" classname="com.datasabai.services.schemaanalyzer.core.parser.CsvFileParserTest" time="0.002"/>
  <testcase name="testMergeStructures_MultipleStructures" classname="com.datasabai.services.schemaanalyzer.core.parser.CsvFileParserTest" time="0.005"/>
  <testcase name="testCanParse_InvalidFileType" classname="com.datasabai.services.schemaanalyzer.core.parser.CsvFileParserTest" time="0.002"/>
  <testcase name="testMergeStructures_SingleStructure" classname="com.datasabai.services.schemaanalyzer.core.parser.CsvFileParserTest" time="0.002"/>
  <testcase name="testParse_MultipleRowsDetectsArray" classname="com.datasabai.services.schemaanalyzer.core.parser.CsvFileParserTest" time="0.004"/>
  <testcase name="testParse_SkipLines" classname="com.datasabai.services.schemaanalyzer.core.parser.CsvFileParserTest" time="0.003"/>
  <testcase name="testGetSupportedFileType" classname="com.datasabai.services.schemaanalyzer.core.parser.CsvFileParserTest" time="0.003"/>
  <testcase name="testParse_EmptyCsv" classname="com.datasabai.services.schemaanalyzer.core.parser.CsvFileParserTest" time="0.003"/>
  <testcase name="testParse_CsvWithoutHeaders" classname="com.datasabai.services.schemaanalyzer.core.parser.CsvFileParserTest" time="0.011"/>
  <testcase name="testParse_BasicCsvWithHeaders" classname="com.datasabai.services.schemaanalyzer.core.parser.CsvFileParserTest" time="0.006"/>
  <testcase name="testParse_CustomDelimiter" classname="com.datasabai.services.schemaanalyzer.core.parser.CsvFileParserTest" time="0.004"/>
  <testcase name="testCanParse_ValidCsv" classname="com.datasabai.services.schemaanalyzer.core.parser.CsvFileParserTest" time="0.002"/>
  <testcase name="testParse_InvalidNumericOption" classname="com.datasabai.services.schemaanalyzer.core.parser.CsvFileParserTest" time="0.003"/>
  <testcase name="testParse_QuotedFieldsWithDelimiters" classname="com.datasabai.services.schemaanalyzer.core.parser.CsvFileParserTest" time="0.002"/>
  <testcase name="testMergeStructures_NullList" classname="com.datasabai.services.schemaanalyzer.core.parser.CsvFileParserTest" time="0.005"/>
  <testcase name="testGetAvailableOptions" classname="com.datasabai.services.schemaanalyzer.core.parser.CsvFileParserTest" time="0.003"/>
  <testcase name="testMergeStructures_EmptyList" classname="com.datasabai.services.schemaanalyzer.core.parser.CsvFileParserTest" time="0.002"/>
</testsuite>